<?xml version="1.0" encoding="UTF-8"?>
<!-- Generated by org.testng.reporters.JUnitXMLReporter -->
<testsuite ignored="0" hostname="sefamelek.local" failures="0" tests="5" name="Chrome Test" time="61.899" errors="0" timestamp="2025-11-20T16:41:17 TRT">
  <testcase classname="com.insider.tests.InsiderCareerTest" name="testHomePageOpensAndDisplaysCorrectTitle" time="7.153"/>
  <testcase classname="com.insider.tests.InsiderCareerTest" name="testNavigateToCareersPageAndVerifyContent" time="31.726"/>
  <testcase classname="com.insider.tests.InsiderCareerTest" name="testFilterQAJobs" time="25.775"/>
  <testcase classname="com.insider.tests.InsiderCareerTest" name="testVerifyFilteredJobsMatchCriteria" time="19.808"/>
  <testcase classname="com.insider.tests.InsiderCareerTest" name="testViewRoleButtonRedirectsToLever" time="24.132"/>
</testsuite> <!-- Chrome Test -->
