<?xml version="1.0" encoding="UTF-8"?>
<testng-results ignored="0" total="5" passed="5" failed="0" skipped="0">
  <reporter-output>
  </reporter-output>
  <suite started-at="2025-11-20T16:40:15 TRT" name="Insider Test Suite" finished-at="2025-11-20T16:41:17 TRT" duration-ms="61899">
    <groups>
    </groups>
    <test started-at="2025-11-20T16:40:15 TRT" name="Chrome Test" finished-at="2025-11-20T16:41:17 TRT" duration-ms="61899">
      <class name="com.insider.tests.InsiderCareerTest">
        <test-method is-config="true" signature="setUp(java.lang.String,java.lang.String)[pri:0, instance:com.insider.tests.InsiderCareerTest@78479f2b]" started-at="2025-11-20T16:40:15 TRT" name="setUp" finished-at="2025-11-20T16:40:17 TRT" duration-ms="1556" status="PASS">
          <params>
            <param index="0">
              <value>
                <![CDATA[chrome]]>
              </value>
            </param>
            <param index="1">
              <value>
                <![CDATA[false]]>
              </value>
            </param>
          </params>
          <reporter-output>
          </reporter-output>
        </test-method> <!-- setUp -->
        <test-method is-config="true" signature="setUp(java.lang.String,java.lang.String)[pri:0, instance:com.insider.tests.InsiderCareerTest@78479f2b]" started-at="2025-11-20T16:40:15 TRT" name="setUp" finished-at="2025-11-20T16:40:17 TRT" duration-ms="1658" status="PASS">
          <params>
            <param index="0">
              <value>
                <![CDATA[chrome]]>
              </value>
            </param>
            <param index="1">
              <value>
                <![CDATA[false]]>
              </value>
            </param>
          </params>
          <reporter-output>
          </reporter-output>
        </test-method> <!-- setUp -->
        <test-method signature="testHomePageOpensAndDisplaysCorrectTitle()[pri:1, instance:com.insider.tests.InsiderCareerTest@78479f2b]" started-at="2025-11-20T16:40:17 TRT" name="testHomePageOpensAndDisplaysCorrectTitle" description="1- Insider ana sayfasının açıldığını ve başlığın doğru olduğunu doğrula" finished-at="2025-11-20T16:40:24 TRT" duration-ms="7153" status="PASS">
          <reporter-output>
          </reporter-output>
        </test-method> <!-- testHomePageOpensAndDisplaysCorrectTitle -->
        <test-method signature="testNavigateToCareersPageAndVerifyContent()[pri:2, instance:com.insider.tests.InsiderCareerTest@78479f2b]" started-at="2025-11-20T16:40:17 TRT" name="testNavigateToCareersPageAndVerifyContent" description="2- Company → Careers menüsüne gir ve sayfa içeriklerinin görünür olduğunu doğrula" finished-at="2025-11-20T16:40:49 TRT" duration-ms="31726" status="PASS">
          <reporter-output>
          </reporter-output>
        </test-method> <!-- testNavigateToCareersPageAndVerifyContent -->
        <test-method is-config="true" signature="tearDown()[pri:0, instance:com.insider.tests.InsiderCareerTest@78479f2b]" started-at="2025-11-20T16:40:25 TRT" name="tearDown" finished-at="2025-11-20T16:40:25 TRT" duration-ms="168" status="PASS">
          <reporter-output>
          </reporter-output>
        </test-method> <!-- tearDown -->
        <test-method is-config="true" signature="setUp(java.lang.String,java.lang.String)[pri:0, instance:com.insider.tests.InsiderCareerTest@78479f2b]" started-at="2025-11-20T16:40:25 TRT" name="setUp" finished-at="2025-11-20T16:40:26 TRT" duration-ms="977" status="PASS">
          <params>
            <param index="0">
              <value>
                <![CDATA[chrome]]>
              </value>
            </param>
            <param index="1">
              <value>
                <![CDATA[false]]>
              </value>
            </param>
          </params>
          <reporter-output>
          </reporter-output>
        </test-method> <!-- setUp -->
        <test-method signature="testFilterQAJobs()[pri:3, instance:com.insider.tests.InsiderCareerTest@78479f2b]" started-at="2025-11-20T16:40:26 TRT" name="testFilterQAJobs" description="3- QA işlerini filtrele ve iş listesinin görünür olduğunu doğrula" finished-at="2025-11-20T16:40:51 TRT" duration-ms="25775" status="PASS">
          <reporter-output>
          </reporter-output>
        </test-method> <!-- testFilterQAJobs -->
        <test-method is-config="true" signature="tearDown()[pri:0, instance:com.insider.tests.InsiderCareerTest@78479f2b]" started-at="2025-11-20T16:40:49 TRT" name="tearDown" finished-at="2025-11-20T16:40:50 TRT" duration-ms="183" status="PASS">
          <reporter-output>
          </reporter-output>
        </test-method> <!-- tearDown -->
        <test-method is-config="true" signature="setUp(java.lang.String,java.lang.String)[pri:0, instance:com.insider.tests.InsiderCareerTest@78479f2b]" started-at="2025-11-20T16:40:50 TRT" name="setUp" finished-at="2025-11-20T16:40:50 TRT" duration-ms="891" status="PASS">
          <params>
            <param index="0">
              <value>
                <![CDATA[chrome]]>
              </value>
            </param>
            <param index="1">
              <value>
                <![CDATA[false]]>
              </value>
            </param>
          </params>
          <reporter-output>
          </reporter-output>
        </test-method> <!-- setUp -->
        <test-method signature="testVerifyFilteredJobsMatchCriteria()[pri:4, instance:com.insider.tests.InsiderCareerTest@78479f2b]" started-at="2025-11-20T16:40:50 TRT" name="testVerifyFilteredJobsMatchCriteria" description="4- Listelenen tüm iş ilanlarının filtrelere uygun olduğunu doğrula" finished-at="2025-11-20T16:41:10 TRT" duration-ms="19808" status="PASS">
          <reporter-output>
          </reporter-output>
        </test-method> <!-- testVerifyFilteredJobsMatchCriteria -->
        <test-method is-config="true" signature="tearDown()[pri:0, instance:com.insider.tests.InsiderCareerTest@78479f2b]" started-at="2025-11-20T16:40:52 TRT" name="tearDown" finished-at="2025-11-20T16:40:52 TRT" duration-ms="149" status="PASS">
          <reporter-output>
          </reporter-output>
        </test-method> <!-- tearDown -->
        <test-method is-config="true" signature="setUp(java.lang.String,java.lang.String)[pri:0, instance:com.insider.tests.InsiderCareerTest@78479f2b]" started-at="2025-11-20T16:40:52 TRT" name="setUp" finished-at="2025-11-20T16:40:53 TRT" duration-ms="792" status="PASS">
          <params>
            <param index="0">
              <value>
                <![CDATA[chrome]]>
              </value>
            </param>
            <param index="1">
              <value>
                <![CDATA[false]]>
              </value>
            </param>
          </params>
          <reporter-output>
          </reporter-output>
        </test-method> <!-- setUp -->
        <test-method signature="testViewRoleButtonRedirectsToLever()[pri:5, instance:com.insider.tests.InsiderCareerTest@78479f2b]" started-at="2025-11-20T16:40:53 TRT" name="testViewRoleButtonRedirectsToLever" description="5- View Role butonuna tıkla ve lever.co&#039;ya yönlendirdiğini doğrula" finished-at="2025-11-20T16:41:17 TRT" duration-ms="24132" status="PASS">
          <reporter-output>
          </reporter-output>
        </test-method> <!-- testViewRoleButtonRedirectsToLever -->
        <test-method is-config="true" signature="tearDown()[pri:0, instance:com.insider.tests.InsiderCareerTest@78479f2b]" started-at="2025-11-20T16:41:10 TRT" name="tearDown" finished-at="2025-11-20T16:41:11 TRT" duration-ms="150" status="PASS">
          <reporter-output>
          </reporter-output>
        </test-method> <!-- tearDown -->
        <test-method is-config="true" signature="tearDown()[pri:0, instance:com.insider.tests.InsiderCareerTest@78479f2b]" started-at="2025-11-20T16:41:17 TRT" name="tearDown" finished-at="2025-11-20T16:41:17 TRT" duration-ms="148" status="PASS">
          <reporter-output>
          </reporter-output>
        </test-method> <!-- tearDown -->
      </class> <!-- com.insider.tests.InsiderCareerTest -->
    </test> <!-- Chrome Test -->
  </suite> <!-- Insider Test Suite -->
</testng-results>
