<?xml version="1.0" encoding="UTF-8"?>
<!-- Generated by org.testng.reporters.JUnitReportReporter -->
<testsuite hostname="sefamelek.local" failures="0" tests="5" name="com.insider.tests.InsiderCareerTest" time="115.266" errors="0" timestamp="2025-11-20T16:41:17 TRT" skipped="0">
  <testcase classname="com.insider.tests.InsiderCareerTest" name="testHomePageOpensAndDisplaysCorrectTitle" time="8.857"/>
  <testcase classname="com.insider.tests.InsiderCareerTest" name="testNavigateToCareersPageAndVerifyContent" time="32.853"/>
  <testcase classname="com.insider.tests.InsiderCareerTest" name="testFilterQAJobs" time="26.735"/>
  <testcase classname="com.insider.tests.InsiderCareerTest" name="testVerifyFilteredJobsMatchCriteria" time="20.882"/>
  <testcase classname="com.insider.tests.InsiderCareerTest" name="testViewRoleButtonRedirectsToLever" time="25.939"/>
</testsuite> <!-- com.insider.tests.InsiderCareerTest -->
